This is pdfTeX, Version 3.14159265-2.6-1.40.15 (TeX Live 2014) (preloaded format=pdflatex 2014.5.25)  26 JUN 2017 11:19
entering extended mode
 restricted \write18 enabled.
 %&-line parsing enabled.
**proposal.tex
(./proposal.tex
LaTeX2e <2014/05/01>
Babel <3.9k> and hyphenation patterns for 78 languages loaded.
(/usr/local/texlive/2014/texmf-dist/tex/latex/base/article.cls
Document Class: article 2007/10/19 v1.4h Standard LaTeX document class
(/usr/local/texlive/2014/texmf-dist/tex/latex/base/size10.clo
File: size10.clo 2007/10/19 v1.4h Standard LaTeX file (size option)
)
\c@part=\count79
\c@section=\count80
\c@subsection=\count81
\c@subsubsection=\count82
\c@paragraph=\count83
\c@subparagraph=\count84
\c@figure=\count85
\c@table=\count86
\abovecaptionskip=\skip41
\belowcaptionskip=\skip42
\bibindent=\dimen102
)
(/usr/local/texlive/2014/texmf-dist/tex/latex/preprint/fullpage.sty
Package: fullpage 1999/02/23 1.1 (PWD)
\FP@margin=\skip43
)
(./proposal.aux)
\openout1 = `proposal.aux'.

LaTeX Font Info:    Checking defaults for OML/cmm/m/it on input line 4.
LaTeX Font Info:    ... okay on input line 4.
LaTeX Font Info:    Checking defaults for T1/cmr/m/n on input line 4.
LaTeX Font Info:    ... okay on input line 4.
LaTeX Font Info:    Checking defaults for OT1/cmr/m/n on input line 4.
LaTeX Font Info:    ... okay on input line 4.
LaTeX Font Info:    Checking defaults for OMS/cmsy/m/n on input line 4.
LaTeX Font Info:    ... okay on input line 4.
LaTeX Font Info:    Checking defaults for OMX/cmex/m/n on input line 4.
LaTeX Font Info:    ... okay on input line 4.
LaTeX Font Info:    Checking defaults for U/cmr/m/n on input line 4.
LaTeX Font Info:    ... okay on input line 4.
 [1

{/usr/local/texlive/2014/texmf-var/fonts/map/pdftex/updmap/pdftex.map}] [2]
Underfull \hbox (badness 10000) in paragraph at lines 67--68

 []


Overfull \hbox (107.49039pt too wide) in paragraph at lines 74--74
 []    \OT1/cmtt/m/n/10 Url: https://www.cl.cam.ac.uk/teaching/1999/AGraphHCI/S
MAG/node2.html#SECTION00023400000000000000[] 
 []


Overfull \hbox (201.98956pt too wide) in paragraph at lines 80--80
 []    \OT1/cmtt/m/n/10 Url: https://www.scratchapixel.com/lessons/3d-basic-ren
dering/introduction-to-shading/reflection-refraction-fresnel[] 
 []


Overfull \hbox (7.74126pt too wide) in paragraph at lines 86--86
 []    \OT1/cmtt/m/n/10 Url: https://graphics.stanford.edu/courses/cs348b-96/te
xturing/texturing1.html[] 
 []

Missing character: There is no â in font cmtt10!
Missing character: There is no € in font cmtt10!
Missing character: There is no “ in font cmtt10!

Overfull \hbox (44.49094pt too wide) in paragraph at lines 113--113
 []    \OT1/cmtt/m/n/10 Url: https://steveharveynz.wordpress.com/2012/12/21/ray
-tracer-part-5-depth-of-field/[] 
 []


Overfull \hbox (133.74016pt too wide) in paragraph at lines 119--119
 []    \OT1/cmtt/m/n/10 Url: https://www.scratchapixel.com/lessons/advanced-ren
dering/introduction-acceleration-structure/grid[] 
 []

[3] [4] (./proposal.aux) ) 
Here is how much of TeX's memory you used:
 231 strings out of 493117
 2657 string characters out of 6135433
 59909 words of memory out of 5000000
 3771 multiletter control sequences out of 15000+600000
 4721 words of font info for 18 fonts, out of 8000000 for 9000
 1141 hyphenation exceptions out of 8191
 23i,4n,17p,601b,258s stack positions out of 5000i,500n,10000p,200000b,80000s
</usr/local/texlive/2014/texmf-dist/fonts/type1/publi
c/amsfonts/cm/cmbx10.pfb></usr/local/texlive/2014/texmf-dist/fonts/type1/public
/amsfonts/cm/cmbx12.pfb></usr/local/texlive/2014/texmf-dist/fonts/type1/public/
amsfonts/cm/cmr10.pfb></usr/local/texlive/2014/texmf-dist/fonts/type1/public/am
sfonts/cm/cmr12.pfb></usr/local/texlive/2014/texmf-dist/fonts/type1/public/amsf
onts/cm/cmtt10.pfb>
Output written on proposal.pdf (4 pages, 88171 bytes).
PDF statistics:
 37 PDF objects out of 1000 (max. 8388607)
 25 compressed objects within 1 object stream
 0 named destinations out of 1000 (max. 500000)
 1 words of extra memory for PDF output out of 10000 (max. 10000000)

